2023/03/19 20:32:46 [notice] 1#1: using the "epoll" event method
2023/03/19 20:32:46 [notice] 1#1: nginx/1.20.2
2023/03/19 20:32:46 [notice] 1#1: built by gcc 10.2.1 20210110 (Debian 10.2.1-6) 
2023/03/19 20:32:46 [notice] 1#1: OS: Linux 5.10.124-linuxkit
2023/03/19 20:32:46 [notice] 1#1: getrlimit(RLIMIT_NOFILE): 1048576:1048576
2023/03/19 20:32:46 [notice] 1#1: start worker processes
2023/03/19 20:32:46 [notice] 1#1: start worker process 24
2023/03/19 20:32:46 [notice] 1#1: start worker process 25
2023/03/19 20:32:46 [notice] 1#1: start worker process 26
2023/03/19 20:32:46 [notice] 1#1: start worker process 27
2023/03/19 20:32:46 [notice] 1#1: start worker process 28
2023/03/19 20:32:46 [notice] 1#1: start worker process 29
2023/03/19 20:32:46 [notice] 1#1: start worker process 30
2023/03/19 20:32:46 [notice] 1#1: start worker process 31
2023/03/19 20:35:26 [notice] 1#1: signal 3 (SIGQUIT) received, shutting down
2023/03/19 20:35:26 [notice] 24#24: gracefully shutting down
2023/03/19 20:35:26 [notice] 24#24: exiting
2023/03/19 20:35:26 [notice] 25#25: gracefully shutting down
2023/03/19 20:35:26 [notice] 25#25: exiting
2023/03/19 20:35:26 [notice] 26#26: gracefully shutting down
2023/03/19 20:35:26 [notice] 26#26: exiting
2023/03/19 20:35:26 [notice] 30#30: gracefully shutting down
2023/03/19 20:35:26 [notice] 30#30: exiting
2023/03/19 20:35:26 [notice] 28#28: gracefully shutting down
2023/03/19 20:35:26 [notice] 27#27: gracefully shutting down
2023/03/19 20:35:26 [notice] 27#27: exiting
2023/03/19 20:35:26 [notice] 31#31: gracefully shutting down
2023/03/19 20:35:26 [notice] 31#31: exiting
2023/03/19 20:35:26 [notice] 29#29: gracefully shutting down
2023/03/19 20:35:26 [notice] 29#29: exiting
2023/03/19 20:35:26 [notice] 24#24: exit
2023/03/19 20:35:26 [notice] 25#25: exit
2023/03/19 20:35:26 [notice] 26#26: exit
2023/03/19 20:35:26 [notice] 30#30: exit
2023/03/19 20:35:26 [notice] 28#28: exiting
2023/03/19 20:35:26 [notice] 28#28: exit
2023/03/19 20:35:26 [notice] 27#27: exit
2023/03/19 20:35:26 [notice] 31#31: exit
2023/03/19 20:35:26 [notice] 29#29: exit
2023/03/19 20:35:26 [notice] 1#1: signal 17 (SIGCHLD) received from 26
2023/03/19 20:35:26 [notice] 1#1: worker process 26 exited with code 0
2023/03/19 20:35:26 [notice] 1#1: signal 29 (SIGIO) received
2023/03/19 20:35:26 [notice] 1#1: signal 17 (SIGCHLD) received from 31
2023/03/19 20:35:26 [notice] 1#1: worker process 25 exited with code 0
2023/03/19 20:35:26 [notice] 1#1: worker process 31 exited with code 0
2023/03/19 20:35:26 [notice] 1#1: signal 29 (SIGIO) received
2023/03/19 20:35:26 [notice] 1#1: signal 17 (SIGCHLD) received from 25
2023/03/19 20:35:26 [notice] 1#1: signal 17 (SIGCHLD) received from 24
2023/03/19 20:35:26 [notice] 1#1: worker process 24 exited with code 0
2023/03/19 20:35:26 [notice] 1#1: worker process 28 exited with code 0
2023/03/19 20:35:26 [notice] 1#1: signal 29 (SIGIO) received
2023/03/19 20:35:26 [notice] 1#1: signal 17 (SIGCHLD) received from 27
2023/03/19 20:35:26 [notice] 1#1: worker process 27 exited with code 0
2023/03/19 20:35:26 [notice] 1#1: signal 29 (SIGIO) received
2023/03/19 20:35:26 [notice] 1#1: signal 17 (SIGCHLD) received from 30
2023/03/19 20:35:26 [notice] 1#1: worker process 30 exited with code 0
2023/03/19 20:35:26 [notice] 1#1: signal 29 (SIGIO) received
2023/03/19 20:35:26 [notice] 1#1: signal 17 (SIGCHLD) received from 29
2023/03/19 20:35:26 [notice] 1#1: worker process 29 exited with code 0
2023/03/19 20:35:26 [notice] 1#1: exit
2023/03/19 20:42:42 [notice] 1#1: using the "epoll" event method
2023/03/19 20:42:42 [notice] 1#1: nginx/1.20.2
2023/03/19 20:42:42 [notice] 1#1: built by gcc 10.2.1 20210110 (Debian 10.2.1-6) 
2023/03/19 20:42:42 [notice] 1#1: OS: Linux 5.10.124-linuxkit
2023/03/19 20:42:42 [notice] 1#1: getrlimit(RLIMIT_NOFILE): 1048576:1048576
2023/03/19 20:42:42 [notice] 1#1: start worker processes
2023/03/19 20:42:42 [notice] 1#1: start worker process 23
2023/03/19 20:42:42 [notice] 1#1: start worker process 24
2023/03/19 20:42:42 [notice] 1#1: start worker process 25
2023/03/19 20:42:42 [notice] 1#1: start worker process 26
2023/03/19 20:42:42 [notice] 1#1: start worker process 27
2023/03/19 20:42:42 [notice] 1#1: start worker process 28
2023/03/19 20:42:42 [notice] 1#1: start worker process 29
2023/03/19 20:42:42 [notice] 1#1: start worker process 30
2023/03/19 20:45:39 [notice] 1#1: signal 3 (SIGQUIT) received, shutting down
2023/03/19 20:45:39 [notice] 23#23: gracefully shutting down
2023/03/19 20:45:39 [notice] 23#23: exiting
2023/03/19 20:45:39 [notice] 25#25: gracefully shutting down
2023/03/19 20:45:39 [notice] 25#25: exiting
2023/03/19 20:45:39 [notice] 26#26: gracefully shutting down
2023/03/19 20:45:39 [notice] 26#26: exiting
2023/03/19 20:45:39 [notice] 24#24: gracefully shutting down
2023/03/19 20:45:39 [notice] 28#28: gracefully shutting down
2023/03/19 20:45:39 [notice] 28#28: exiting
2023/03/19 20:45:39 [notice] 27#27: gracefully shutting down
2023/03/19 20:45:39 [notice] 27#27: exiting
2023/03/19 20:45:39 [notice] 29#29: gracefully shutting down
2023/03/19 20:45:39 [notice] 29#29: exiting
2023/03/19 20:45:39 [notice] 30#30: gracefully shutting down
2023/03/19 20:45:39 [notice] 30#30: exiting
2023/03/19 20:45:39 [notice] 23#23: exit
2023/03/19 20:45:39 [notice] 25#25: exit
2023/03/19 20:45:39 [notice] 26#26: exit
2023/03/19 20:45:39 [notice] 24#24: exiting
2023/03/19 20:45:39 [notice] 28#28: exit
2023/03/19 20:45:39 [notice] 27#27: exit
2023/03/19 20:45:39 [notice] 29#29: exit
2023/03/19 20:45:39 [notice] 30#30: exit
2023/03/19 20:45:39 [notice] 24#24: exit
2023/03/19 20:45:39 [notice] 1#1: signal 17 (SIGCHLD) received from 25
2023/03/19 20:45:39 [notice] 1#1: worker process 25 exited with code 0
2023/03/19 20:45:39 [notice] 1#1: signal 29 (SIGIO) received
2023/03/19 20:45:39 [notice] 1#1: signal 17 (SIGCHLD) received from 26
2023/03/19 20:45:39 [notice] 1#1: worker process 26 exited with code 0
2023/03/19 20:45:39 [notice] 1#1: worker process 30 exited with code 0
2023/03/19 20:45:39 [notice] 1#1: signal 29 (SIGIO) received
2023/03/19 20:45:39 [notice] 1#1: signal 17 (SIGCHLD) received from 30
2023/03/19 20:45:39 [notice] 1#1: signal 17 (SIGCHLD) received from 23
2023/03/19 20:45:39 [notice] 1#1: worker process 23 exited with code 0
2023/03/19 20:45:39 [notice] 1#1: worker process 27 exited with code 0
2023/03/19 20:45:39 [notice] 1#1: signal 29 (SIGIO) received
2023/03/19 20:45:39 [notice] 1#1: signal 17 (SIGCHLD) received from 29
2023/03/19 20:45:39 [notice] 1#1: worker process 29 exited with code 0
2023/03/19 20:45:39 [notice] 1#1: worker process 28 exited with code 0
2023/03/19 20:45:39 [notice] 1#1: worker process 24 exited with code 0
2023/03/19 20:45:39 [notice] 1#1: signal 17 (SIGCHLD) received from 28
2023/03/19 20:45:39 [notice] 1#1: exit
2023/03/19 20:46:00 [notice] 1#1: using the "epoll" event method
2023/03/19 20:46:00 [notice] 1#1: nginx/1.20.2
2023/03/19 20:46:00 [notice] 1#1: built by gcc 10.2.1 20210110 (Debian 10.2.1-6) 
2023/03/19 20:46:00 [notice] 1#1: OS: Linux 5.10.124-linuxkit
2023/03/19 20:46:00 [notice] 1#1: getrlimit(RLIMIT_NOFILE): 1048576:1048576
2023/03/19 20:46:00 [notice] 1#1: start worker processes
2023/03/19 20:46:00 [notice] 1#1: start worker process 24
2023/03/19 20:46:00 [notice] 1#1: start worker process 25
2023/03/19 20:46:00 [notice] 1#1: start worker process 26
2023/03/19 20:46:00 [notice] 1#1: start worker process 27
2023/03/19 20:46:00 [notice] 1#1: start worker process 28
2023/03/19 20:46:00 [notice] 1#1: start worker process 29
2023/03/19 20:46:00 [notice] 1#1: start worker process 30
2023/03/19 20:46:00 [notice] 1#1: start worker process 31
2023/03/19 20:46:39 [notice] 1#1: signal 3 (SIGQUIT) received, shutting down
2023/03/19 20:46:39 [notice] 25#25: gracefully shutting down
2023/03/19 20:46:39 [notice] 25#25: exiting
2023/03/19 20:46:39 [notice] 26#26: gracefully shutting down
2023/03/19 20:46:39 [notice] 28#28: gracefully shutting down
2023/03/19 20:46:39 [notice] 28#28: exiting
2023/03/19 20:46:39 [notice] 29#29: gracefully shutting down
2023/03/19 20:46:39 [notice] 29#29: exiting
2023/03/19 20:46:39 [notice] 30#30: gracefully shutting down
2023/03/19 20:46:39 [notice] 30#30: exiting
2023/03/19 20:46:39 [notice] 24#24: gracefully shutting down
2023/03/19 20:46:39 [notice] 27#27: gracefully shutting down
2023/03/19 20:46:39 [notice] 27#27: exiting
2023/03/19 20:46:39 [notice] 31#31: gracefully shutting down
2023/03/19 20:46:39 [notice] 31#31: exiting
2023/03/19 20:46:39 [notice] 25#25: exit
2023/03/19 20:46:39 [notice] 26#26: exiting
2023/03/19 20:46:39 [notice] 26#26: exit
2023/03/19 20:46:39 [notice] 28#28: exit
2023/03/19 20:46:39 [notice] 29#29: exit
2023/03/19 20:46:39 [notice] 30#30: exit
2023/03/19 20:46:39 [notice] 27#27: exit
2023/03/19 20:46:39 [notice] 31#31: exit
2023/03/19 20:46:39 [notice] 1#1: signal 17 (SIGCHLD) received from 27
2023/03/19 20:46:39 [notice] 1#1: worker process 25 exited with code 0
2023/03/19 20:46:39 [notice] 1#1: worker process 27 exited with code 0
2023/03/19 20:46:39 [notice] 1#1: worker process 29 exited with code 0
2023/03/19 20:46:39 [notice] 1#1: signal 29 (SIGIO) received
2023/03/19 20:46:39 [notice] 1#1: signal 17 (SIGCHLD) received from 28
2023/03/19 20:46:39 [notice] 1#1: worker process 28 exited with code 0
2023/03/19 20:46:39 [notice] 1#1: signal 29 (SIGIO) received
2023/03/19 20:46:39 [notice] 1#1: signal 17 (SIGCHLD) received from 26
2023/03/19 20:46:39 [notice] 1#1: worker process 26 exited with code 0
2023/03/19 20:46:39 [notice] 1#1: worker process 30 exited with code 0
2023/03/19 20:46:39 [notice] 1#1: worker process 31 exited with code 0
2023/03/19 20:46:39 [notice] 1#1: signal 29 (SIGIO) received
2023/03/19 20:47:08 [notice] 1#1: using the "epoll" event method
2023/03/19 20:47:08 [notice] 1#1: nginx/1.20.2
2023/03/19 20:47:08 [notice] 1#1: built by gcc 10.2.1 20210110 (Debian 10.2.1-6) 
2023/03/19 20:47:08 [notice] 1#1: OS: Linux 5.10.124-linuxkit
2023/03/19 20:47:08 [notice] 1#1: getrlimit(RLIMIT_NOFILE): 1048576:1048576
2023/03/19 20:47:08 [notice] 1#1: start worker processes
2023/03/19 20:47:08 [notice] 1#1: start worker process 24
2023/03/19 20:47:08 [notice] 1#1: start worker process 25
2023/03/19 20:47:08 [notice] 1#1: start worker process 26
2023/03/19 20:47:08 [notice] 1#1: start worker process 27
2023/03/19 20:47:08 [notice] 1#1: start worker process 28
2023/03/19 20:47:08 [notice] 1#1: start worker process 29
2023/03/19 20:47:08 [notice] 1#1: start worker process 30
2023/03/19 20:47:08 [notice] 1#1: start worker process 31
2023/03/19 20:53:58 [notice] 1#1: signal 3 (SIGQUIT) received, shutting down
2023/03/19 20:53:58 [notice] 29#29: gracefully shutting down
2023/03/19 20:53:58 [notice] 28#28: gracefully shutting down
2023/03/19 20:53:58 [notice] 28#28: exiting
2023/03/19 20:53:58 [notice] 30#30: gracefully shutting down
2023/03/19 20:53:58 [notice] 30#30: exiting
2023/03/19 20:53:58 [notice] 25#25: gracefully shutting down
2023/03/19 20:53:58 [notice] 25#25: exiting
2023/03/19 20:53:58 [notice] 31#31: gracefully shutting down
2023/03/19 20:53:58 [notice] 31#31: exiting
2023/03/19 20:53:58 [notice] 26#26: gracefully shutting down
2023/03/19 20:53:58 [notice] 24#24: gracefully shutting down
2023/03/19 20:53:58 [notice] 24#24: exiting
2023/03/19 20:53:58 [notice] 29#29: exiting
2023/03/19 20:53:58 [notice] 29#29: exit
2023/03/19 20:53:58 [notice] 27#27: gracefully shutting down
2023/03/19 20:53:58 [notice] 28#28: exit
2023/03/19 20:53:58 [notice] 30#30: exit
2023/03/19 20:53:58 [notice] 25#25: exit
2023/03/19 20:53:58 [notice] 31#31: exit
2023/03/19 20:53:58 [notice] 26#26: exiting
2023/03/19 20:53:58 [notice] 26#26: exit
2023/03/19 20:53:58 [notice] 24#24: exit
2023/03/19 20:53:58 [notice] 27#27: exiting
2023/03/19 20:53:58 [notice] 27#27: exit
2023/03/19 20:53:58 [notice] 1#1: signal 17 (SIGCHLD) received from 28
2023/03/19 20:53:58 [notice] 1#1: worker process 28 exited with code 0
2023/03/19 20:53:58 [notice] 1#1: signal 29 (SIGIO) received
2023/03/19 20:53:58 [notice] 1#1: signal 17 (SIGCHLD) received from 29
2023/03/19 20:53:58 [notice] 1#1: worker process 29 exited with code 0
2023/03/19 20:53:58 [notice] 1#1: worker process 30 exited with code 0
2023/03/19 20:53:58 [notice] 1#1: worker process 31 exited with code 0
2023/03/19 20:53:58 [notice] 1#1: signal 29 (SIGIO) received
2023/03/19 20:53:58 [notice] 1#1: signal 17 (SIGCHLD) received from 25
2023/03/19 20:53:58 [notice] 1#1: worker process 25 exited with code 0
2023/03/19 20:53:58 [notice] 1#1: worker process 26 exited with code 0
2023/03/19 20:53:58 [notice] 1#1: signal 29 (SIGIO) received
2023/03/19 20:53:58 [notice] 1#1: signal 17 (SIGCHLD) received from 26
2023/03/19 20:53:58 [notice] 1#1: worker process 24 exited with code 0
2023/03/19 20:53:58 [notice] 1#1: signal 17 (SIGCHLD) received from 24
2023/03/19 20:53:58 [notice] 1#1: worker process 27 exited with code 0
2023/03/19 20:53:58 [notice] 1#1: exit
2023/03/19 20:57:35 [notice] 1#1: using the "epoll" event method
2023/03/19 20:57:35 [notice] 1#1: nginx/1.20.2
2023/03/19 20:57:35 [notice] 1#1: built by gcc 10.2.1 20210110 (Debian 10.2.1-6) 
2023/03/19 20:57:35 [notice] 1#1: OS: Linux 5.10.124-linuxkit
2023/03/19 20:57:35 [notice] 1#1: getrlimit(RLIMIT_NOFILE): 1048576:1048576
2023/03/19 20:57:35 [notice] 1#1: start worker processes
2023/03/19 20:57:35 [notice] 1#1: start worker process 24
2023/03/19 20:57:35 [notice] 1#1: start worker process 25
2023/03/19 20:57:35 [notice] 1#1: start worker process 26
2023/03/19 20:57:35 [notice] 1#1: start worker process 27
2023/03/19 20:57:35 [notice] 1#1: start worker process 28
2023/03/19 20:57:35 [notice] 1#1: start worker process 29
2023/03/19 20:57:35 [notice] 1#1: start worker process 30
2023/03/19 20:57:35 [notice] 1#1: start worker process 31
2023/03/19 20:57:50 [notice] 1#1: signal 3 (SIGQUIT) received, shutting down
2023/03/19 20:57:50 [notice] 26#26: gracefully shutting down
2023/03/19 20:57:50 [notice] 27#27: gracefully shutting down
2023/03/19 20:57:50 [notice] 31#31: gracefully shutting down
2023/03/19 20:57:50 [notice] 28#28: gracefully shutting down
2023/03/19 20:57:50 [notice] 28#28: exiting
2023/03/19 20:57:50 [notice] 25#25: gracefully shutting down
2023/03/19 20:57:50 [notice] 25#25: exiting
2023/03/19 20:57:50 [notice] 26#26: exiting
2023/03/19 20:57:50 [notice] 26#26: exit
2023/03/19 20:57:50 [notice] 27#27: exiting
2023/03/19 20:57:50 [notice] 27#27: exit
2023/03/19 20:57:50 [notice] 24#24: gracefully shutting down
2023/03/19 20:57:50 [notice] 24#24: exiting
2023/03/19 20:57:50 [notice] 29#29: gracefully shutting down
2023/03/19 20:57:50 [notice] 29#29: exiting
2023/03/19 20:57:50 [notice] 30#30: gracefully shutting down
2023/03/19 20:57:50 [notice] 31#31: exiting
2023/03/19 20:57:50 [notice] 31#31: exit
2023/03/19 20:57:50 [notice] 28#28: exit
2023/03/19 20:57:50 [notice] 25#25: exit
2023/03/19 20:57:50 [notice] 24#24: exit
2023/03/19 20:57:50 [notice] 29#29: exit
2023/03/19 20:57:50 [notice] 30#30: exiting
2023/03/19 20:57:50 [notice] 30#30: exit
2023/03/19 20:57:50 [notice] 1#1: signal 17 (SIGCHLD) received from 26
2023/03/19 20:57:50 [notice] 1#1: worker process 26 exited with code 0
2023/03/19 20:57:50 [notice] 1#1: signal 29 (SIGIO) received
2023/03/19 20:57:50 [notice] 1#1: signal 17 (SIGCHLD) received from 27
2023/03/19 20:57:50 [notice] 1#1: worker process 27 exited with code 0
2023/03/19 20:57:50 [notice] 1#1: signal 29 (SIGIO) received
2023/03/19 20:57:50 [notice] 1#1: signal 17 (SIGCHLD) received from 31
2023/03/19 20:57:50 [notice] 1#1: worker process 31 exited with code 0
2023/03/19 20:57:50 [notice] 1#1: signal 29 (SIGIO) received
2023/03/19 20:57:50 [notice] 1#1: signal 17 (SIGCHLD) received from 28
2023/03/19 20:57:50 [notice] 1#1: worker process 25 exited with code 0
2023/03/19 20:57:50 [notice] 1#1: worker process 28 exited with code 0
2023/03/19 20:57:50 [notice] 1#1: signal 29 (SIGIO) received
2023/03/19 20:57:50 [notice] 1#1: signal 17 (SIGCHLD) received from 24
2023/03/19 20:57:50 [notice] 1#1: worker process 24 exited with code 0
2023/03/19 20:57:50 [notice] 1#1: signal 29 (SIGIO) received
2023/03/19 20:57:50 [notice] 1#1: signal 17 (SIGCHLD) received from 29
2023/03/19 20:57:50 [notice] 1#1: worker process 29 exited with code 0
2023/03/19 20:57:50 [notice] 1#1: worker process 30 exited with code 0
2023/03/19 20:57:50 [notice] 1#1: exit
2023/03/19 21:02:22 [notice] 1#1: using the "epoll" event method
2023/03/19 21:02:22 [notice] 1#1: nginx/1.20.2
2023/03/19 21:02:22 [notice] 1#1: built by gcc 10.2.1 20210110 (Debian 10.2.1-6) 
2023/03/19 21:02:22 [notice] 1#1: OS: Linux 5.10.124-linuxkit
2023/03/19 21:02:22 [notice] 1#1: getrlimit(RLIMIT_NOFILE): 1048576:1048576
2023/03/19 21:02:22 [notice] 1#1: start worker processes
2023/03/19 21:02:22 [notice] 1#1: start worker process 23
2023/03/19 21:02:22 [notice] 1#1: start worker process 24
2023/03/19 21:02:22 [notice] 1#1: start worker process 25
2023/03/19 21:02:22 [notice] 1#1: start worker process 26
2023/03/19 21:02:22 [notice] 1#1: start worker process 27
2023/03/19 21:02:22 [notice] 1#1: start worker process 28
2023/03/19 21:02:22 [notice] 1#1: start worker process 29
2023/03/19 21:02:22 [notice] 1#1: start worker process 30
2023/03/19 21:04:05 [notice] 1#1: signal 3 (SIGQUIT) received, shutting down
2023/03/19 21:04:05 [notice] 23#23: gracefully shutting down
2023/03/19 21:04:05 [notice] 23#23: exiting
2023/03/19 21:04:05 [notice] 26#26: gracefully shutting down
2023/03/19 21:04:05 [notice] 26#26: exiting
2023/03/19 21:04:05 [notice] 27#27: gracefully shutting down
2023/03/19 21:04:05 [notice] 27#27: exiting
2023/03/19 21:04:05 [notice] 24#24: gracefully shutting down
2023/03/19 21:04:05 [notice] 24#24: exiting
2023/03/19 21:04:05 [notice] 28#28: gracefully shutting down
2023/03/19 21:04:05 [notice] 28#28: exiting
2023/03/19 21:04:05 [notice] 29#29: gracefully shutting down
2023/03/19 21:04:05 [notice] 25#25: gracefully shutting down
2023/03/19 21:04:05 [notice] 25#25: exiting
2023/03/19 21:04:05 [notice] 30#30: gracefully shutting down
2023/03/19 21:04:05 [notice] 30#30: exiting
2023/03/19 21:04:05 [notice] 23#23: exit
2023/03/19 21:04:05 [notice] 26#26: exit
2023/03/19 21:04:05 [notice] 27#27: exit
2023/03/19 21:04:05 [notice] 24#24: exit
2023/03/19 21:04:05 [notice] 28#28: exit
2023/03/19 21:04:05 [notice] 29#29: exiting
2023/03/19 21:04:05 [notice] 25#25: exit
2023/03/19 21:04:05 [notice] 30#30: exit
2023/03/19 21:04:05 [notice] 29#29: exit
2023/03/19 21:04:05 [notice] 1#1: signal 17 (SIGCHLD) received from 23
2023/03/19 21:04:05 [notice] 1#1: worker process 23 exited with code 0
2023/03/19 21:04:05 [notice] 1#1: signal 29 (SIGIO) received
2023/03/19 21:04:05 [notice] 1#1: signal 17 (SIGCHLD) received from 26
2023/03/19 21:04:05 [notice] 1#1: worker process 26 exited with code 0
2023/03/19 21:04:05 [notice] 1#1: worker process 27 exited with code 0
2023/03/19 21:04:05 [notice] 1#1: signal 29 (SIGIO) received
2023/03/19 21:04:05 [notice] 1#1: signal 17 (SIGCHLD) received from 27
2023/03/19 21:04:05 [notice] 1#1: signal 17 (SIGCHLD) received from 24
2023/03/19 21:04:05 [notice] 1#1: worker process 24 exited with code 0
2023/03/19 21:04:05 [notice] 1#1: signal 29 (SIGIO) received
2023/03/19 21:04:05 [notice] 1#1: signal 17 (SIGCHLD) received from 29
2023/03/19 21:04:05 [notice] 1#1: worker process 29 exited with code 0
2023/03/19 21:04:05 [notice] 1#1: signal 29 (SIGIO) received
2023/03/19 21:04:05 [notice] 1#1: signal 17 (SIGCHLD) received from 30
2023/03/19 21:04:05 [notice] 1#1: worker process 30 exited with code 0
2023/03/19 21:04:05 [notice] 1#1: worker process 28 exited with code 0
2023/03/19 21:04:05 [notice] 1#1: worker process 25 exited with code 0
2023/03/19 21:04:05 [notice] 1#1: signal 17 (SIGCHLD) received from 28
2023/03/19 21:04:05 [notice] 1#1: exit
2023/03/19 21:04:19 [notice] 1#1: using the "epoll" event method
2023/03/19 21:04:19 [notice] 1#1: nginx/1.20.2
2023/03/19 21:04:19 [notice] 1#1: built by gcc 10.2.1 20210110 (Debian 10.2.1-6) 
2023/03/19 21:04:19 [notice] 1#1: OS: Linux 5.10.124-linuxkit
2023/03/19 21:04:19 [notice] 1#1: getrlimit(RLIMIT_NOFILE): 1048576:1048576
2023/03/19 21:04:19 [notice] 1#1: start worker processes
2023/03/19 21:04:19 [notice] 1#1: start worker process 24
2023/03/19 21:04:19 [notice] 1#1: start worker process 25
2023/03/19 21:04:19 [notice] 1#1: start worker process 26
2023/03/19 21:04:19 [notice] 1#1: start worker process 27
2023/03/19 21:04:19 [notice] 1#1: start worker process 28
2023/03/19 21:04:19 [notice] 1#1: start worker process 29
2023/03/19 21:04:19 [notice] 1#1: start worker process 30
2023/03/19 21:04:19 [notice] 1#1: start worker process 31
2023/03/19 21:05:57 [notice] 1#1: signal 3 (SIGQUIT) received, shutting down
2023/03/19 21:05:57 [notice] 27#27: gracefully shutting down
2023/03/19 21:05:57 [notice] 27#27: exiting
2023/03/19 21:05:57 [notice] 26#26: gracefully shutting down
2023/03/19 21:05:57 [notice] 26#26: exiting
2023/03/19 21:05:57 [notice] 30#30: gracefully shutting down
2023/03/19 21:05:57 [notice] 30#30: exiting
2023/03/19 21:05:57 [notice] 25#25: gracefully shutting down
2023/03/19 21:05:57 [notice] 25#25: exiting
2023/03/19 21:05:57 [notice] 31#31: gracefully shutting down
2023/03/19 21:05:57 [notice] 31#31: exiting
2023/03/19 21:05:57 [notice] 24#24: gracefully shutting down
2023/03/19 21:05:57 [notice] 28#28: gracefully shutting down
2023/03/19 21:05:57 [notice] 28#28: exiting
2023/03/19 21:05:57 [notice] 29#29: gracefully shutting down
2023/03/19 21:05:57 [notice] 29#29: exiting
2023/03/19 21:05:57 [notice] 27#27: exit
2023/03/19 21:05:57 [notice] 26#26: exit
2023/03/19 21:05:57 [notice] 30#30: exit
2023/03/19 21:05:57 [notice] 25#25: exit
2023/03/19 21:05:57 [notice] 31#31: exit
2023/03/19 21:05:57 [notice] 24#24: exiting
2023/03/19 21:05:57 [notice] 28#28: exit
2023/03/19 21:05:57 [notice] 29#29: exit
2023/03/19 21:05:57 [notice] 24#24: exit
2023/03/19 21:05:57 [notice] 1#1: signal 17 (SIGCHLD) received from 27
2023/03/19 21:05:57 [notice] 1#1: worker process 27 exited with code 0
2023/03/19 21:05:57 [notice] 1#1: signal 29 (SIGIO) received
2023/03/19 21:05:57 [notice] 1#1: signal 17 (SIGCHLD) received from 26
2023/03/19 21:05:57 [notice] 1#1: worker process 26 exited with code 0
2023/03/19 21:05:57 [notice] 1#1: signal 29 (SIGIO) received
2023/03/19 21:05:57 [notice] 1#1: signal 17 (SIGCHLD) received from 31
2023/03/19 21:05:57 [notice] 1#1: worker process 31 exited with code 0
2023/03/19 21:05:57 [notice] 1#1: signal 29 (SIGIO) received
2023/03/19 21:05:57 [notice] 1#1: signal 17 (SIGCHLD) received from 30
2023/03/19 21:05:57 [notice] 1#1: worker process 30 exited with code 0
2023/03/19 21:05:57 [notice] 1#1: signal 29 (SIGIO) received
2023/03/19 21:05:57 [notice] 1#1: signal 17 (SIGCHLD) received from 25
2023/03/19 21:05:57 [notice] 1#1: worker process 25 exited with code 0
2023/03/19 21:05:57 [notice] 1#1: worker process 28 exited with code 0
2023/03/19 21:05:57 [notice] 1#1: signal 29 (SIGIO) received
2023/03/19 21:05:57 [notice] 1#1: signal 17 (SIGCHLD) received from 29
2023/03/19 21:05:57 [notice] 1#1: worker process 29 exited with code 0
2023/03/19 21:05:57 [notice] 1#1: signal 29 (SIGIO) received
2023/03/19 21:05:57 [notice] 1#1: signal 17 (SIGCHLD) received from 24
2023/03/19 21:05:57 [notice] 1#1: worker process 24 exited with code 0
2023/03/19 21:05:57 [notice] 1#1: exit
2023/03/19 21:06:05 [notice] 1#1: using the "epoll" event method
2023/03/19 21:06:05 [notice] 1#1: nginx/1.20.2
2023/03/19 21:06:05 [notice] 1#1: built by gcc 10.2.1 20210110 (Debian 10.2.1-6) 
2023/03/19 21:06:05 [notice] 1#1: OS: Linux 5.10.124-linuxkit
2023/03/19 21:06:05 [notice] 1#1: getrlimit(RLIMIT_NOFILE): 1048576:1048576
2023/03/19 21:06:05 [notice] 1#1: start worker processes
2023/03/19 21:06:05 [notice] 1#1: start worker process 24
2023/03/19 21:06:05 [notice] 1#1: start worker process 25
2023/03/19 21:06:05 [notice] 1#1: start worker process 26
2023/03/19 21:06:05 [notice] 1#1: start worker process 27
2023/03/19 21:06:05 [notice] 1#1: start worker process 28
2023/03/19 21:06:05 [notice] 1#1: start worker process 29
2023/03/19 21:06:05 [notice] 1#1: start worker process 30
2023/03/19 21:06:05 [notice] 1#1: start worker process 31
2023/03/19 21:10:51 [notice] 1#1: signal 3 (SIGQUIT) received, shutting down
2023/03/19 21:10:51 [notice] 27#27: gracefully shutting down
2023/03/19 21:10:51 [notice] 24#24: gracefully shutting down
2023/03/19 21:10:51 [notice] 30#30: gracefully shutting down
2023/03/19 21:10:51 [notice] 30#30: exiting
2023/03/19 21:10:51 [notice] 31#31: gracefully shutting down
2023/03/19 21:10:51 [notice] 31#31: exiting
2023/03/19 21:10:51 [notice] 26#26: gracefully shutting down
2023/03/19 21:10:51 [notice] 25#25: gracefully shutting down
2023/03/19 21:10:51 [notice] 28#28: gracefully shutting down
2023/03/19 21:10:51 [notice] 29#29: gracefully shutting down
2023/03/19 21:10:51 [notice] 27#27: exiting
2023/03/19 21:10:51 [notice] 24#24: exiting
2023/03/19 21:10:51 [notice] 30#30: exit
2023/03/19 21:10:51 [notice] 31#31: exit
2023/03/19 21:10:51 [notice] 26#26: exiting
2023/03/19 21:10:51 [notice] 25#25: exiting
2023/03/19 21:10:51 [notice] 25#25: exit
2023/03/19 21:10:51 [notice] 28#28: exiting
2023/03/19 21:10:51 [notice] 29#29: exiting
2023/03/19 21:10:51 [notice] 29#29: exit
2023/03/19 21:10:51 [notice] 27#27: exit
2023/03/19 21:10:51 [notice] 24#24: exit
2023/03/19 21:10:51 [notice] 26#26: exit
2023/03/19 21:10:51 [notice] 28#28: exit
2023/03/19 21:10:52 [notice] 1#1: signal 17 (SIGCHLD) received from 25
2023/03/19 21:10:52 [notice] 1#1: worker process 25 exited with code 0
2023/03/19 21:10:52 [notice] 1#1: signal 29 (SIGIO) received
2023/03/19 21:10:52 [notice] 1#1: signal 17 (SIGCHLD) received from 30
2023/03/19 21:10:52 [notice] 1#1: worker process 28 exited with code 0
2023/03/19 21:10:52 [notice] 1#1: worker process 30 exited with code 0
2023/03/19 21:10:52 [notice] 1#1: worker process 31 exited with code 0
2023/03/19 21:10:52 [notice] 1#1: signal 29 (SIGIO) received
2023/03/19 21:10:52 [notice] 1#1: signal 17 (SIGCHLD) received from 27
2023/03/19 21:10:52 [notice] 1#1: worker process 24 exited with code 0
2023/03/19 21:10:52 [notice] 1#1: worker process 27 exited with code 0
2023/03/19 21:10:52 [notice] 1#1: worker process 29 exited with code 0
2023/03/19 21:10:52 [notice] 1#1: signal 29 (SIGIO) received
2023/03/19 21:10:52 [notice] 1#1: signal 17 (SIGCHLD) received from 29
2023/03/19 21:10:52 [notice] 1#1: signal 17 (SIGCHLD) received from 26
2023/03/19 21:10:52 [notice] 1#1: worker process 26 exited with code 0
2023/03/19 21:10:52 [notice] 1#1: exit
2023/03/19 22:04:13 [notice] 1#1: using the "epoll" event method
2023/03/19 22:04:13 [notice] 1#1: nginx/1.20.2
2023/03/19 22:04:13 [notice] 1#1: built by gcc 10.2.1 20210110 (Debian 10.2.1-6) 
2023/03/19 22:04:13 [notice] 1#1: OS: Linux 5.10.124-linuxkit
2023/03/19 22:04:13 [notice] 1#1: getrlimit(RLIMIT_NOFILE): 1048576:1048576
2023/03/19 22:04:13 [notice] 1#1: start worker processes
2023/03/19 22:04:13 [notice] 1#1: start worker process 24
2023/03/19 22:04:13 [notice] 1#1: start worker process 25
2023/03/19 22:04:13 [notice] 1#1: start worker process 26
2023/03/19 22:04:13 [notice] 1#1: start worker process 27
2023/03/19 22:04:13 [notice] 1#1: start worker process 28
2023/03/19 22:04:13 [notice] 1#1: start worker process 29
2023/03/19 22:04:13 [notice] 1#1: start worker process 30
2023/03/19 22:04:13 [notice] 1#1: start worker process 31
2023/03/19 22:05:24 [notice] 1#1: signal 3 (SIGQUIT) received, shutting down
2023/03/19 22:05:24 [notice] 30#30: gracefully shutting down
2023/03/19 22:05:24 [notice] 30#30: exiting
2023/03/19 22:05:24 [notice] 26#26: gracefully shutting down
2023/03/19 22:05:24 [notice] 26#26: exiting
2023/03/19 22:05:24 [notice] 27#27: gracefully shutting down
2023/03/19 22:05:24 [notice] 27#27: exiting
2023/03/19 22:05:24 [notice] 29#29: gracefully shutting down
2023/03/19 22:05:24 [notice] 29#29: exiting
2023/03/19 22:05:24 [notice] 24#24: gracefully shutting down
2023/03/19 22:05:24 [notice] 25#25: gracefully shutting down
2023/03/19 22:05:24 [notice] 28#28: gracefully shutting down
2023/03/19 22:05:24 [notice] 28#28: exiting
2023/03/19 22:05:24 [notice] 31#31: gracefully shutting down
2023/03/19 22:05:24 [notice] 30#30: exit
2023/03/19 22:05:24 [notice] 26#26: exit
2023/03/19 22:05:24 [notice] 27#27: exit
2023/03/19 22:05:24 [notice] 29#29: exit
2023/03/19 22:05:24 [notice] 24#24: exiting
2023/03/19 22:05:24 [notice] 24#24: exit
2023/03/19 22:05:24 [notice] 28#28: exit
2023/03/19 22:05:24 [notice] 31#31: exiting
2023/03/19 22:05:24 [notice] 31#31: exit
2023/03/19 22:05:24 [notice] 1#1: signal 17 (SIGCHLD) received from 30
2023/03/19 22:05:24 [notice] 1#1: worker process 30 exited with code 0
2023/03/19 22:05:24 [notice] 1#1: signal 29 (SIGIO) received
2023/03/19 22:05:24 [notice] 1#1: signal 17 (SIGCHLD) received from 27
2023/03/19 22:05:24 [notice] 1#1: worker process 27 exited with code 0
2023/03/19 22:05:24 [notice] 1#1: signal 29 (SIGIO) received
2023/03/19 22:05:24 [notice] 1#1: signal 17 (SIGCHLD) received from 26
2023/03/19 22:05:24 [notice] 1#1: worker process 26 exited with code 0
2023/03/19 22:05:24 [notice] 1#1: worker process 29 exited with code 0
2023/03/19 22:05:24 [notice] 1#1: signal 29 (SIGIO) received
2023/03/19 22:05:24 [notice] 1#1: signal 17 (SIGCHLD) received from 24
2023/03/19 22:05:24 [notice] 1#1: worker process 24 exited with code 0
2023/03/19 22:05:24 [notice] 1#1: worker process 28 exited with code 0
2023/03/19 22:05:24 [notice] 1#1: signal 29 (SIGIO) received
2023/03/19 22:05:24 [notice] 1#1: signal 17 (SIGCHLD) received from 31
2023/03/19 22:05:24 [notice] 1#1: worker process 31 exited with code 0
2023/03/19 22:05:24 [notice] 1#1: signal 29 (SIGIO) received
2023/03/20 16:27:44 [notice] 1#1: using the "epoll" event method
2023/03/20 16:27:44 [notice] 1#1: nginx/1.20.2
2023/03/20 16:27:44 [notice] 1#1: built by gcc 10.2.1 20210110 (Debian 10.2.1-6) 
2023/03/20 16:27:44 [notice] 1#1: OS: Linux 5.10.124-linuxkit
2023/03/20 16:27:44 [notice] 1#1: getrlimit(RLIMIT_NOFILE): 1048576:1048576
2023/03/20 16:27:44 [notice] 1#1: start worker processes
2023/03/20 16:27:44 [notice] 1#1: start worker process 24
2023/03/20 16:27:44 [notice] 1#1: start worker process 25
2023/03/20 16:27:44 [notice] 1#1: start worker process 26
2023/03/20 16:27:44 [notice] 1#1: start worker process 27
2023/03/20 16:27:44 [notice] 1#1: start worker process 28
2023/03/20 16:27:44 [notice] 1#1: start worker process 29
2023/03/20 16:27:44 [notice] 1#1: start worker process 30
2023/03/20 16:27:44 [notice] 1#1: start worker process 31
2023/03/20 17:31:15 [notice] 1#1: using the "epoll" event method
2023/03/20 17:31:15 [notice] 1#1: nginx/1.20.2
2023/03/20 17:31:15 [notice] 1#1: built by gcc 10.2.1 20210110 (Debian 10.2.1-6) 
2023/03/20 17:31:15 [notice] 1#1: OS: Linux 5.10.124-linuxkit
2023/03/20 17:31:15 [notice] 1#1: getrlimit(RLIMIT_NOFILE): 1048576:1048576
2023/03/20 17:31:15 [notice] 1#1: start worker processes
2023/03/20 17:31:15 [notice] 1#1: start worker process 23
2023/03/20 17:31:15 [notice] 1#1: start worker process 24
2023/03/20 17:31:15 [notice] 1#1: start worker process 25
2023/03/20 17:31:15 [notice] 1#1: start worker process 26
2023/03/20 17:31:15 [notice] 1#1: start worker process 27
2023/03/20 17:31:15 [notice] 1#1: start worker process 28
2023/03/20 17:31:15 [notice] 1#1: start worker process 29
2023/03/20 17:31:15 [notice] 1#1: start worker process 30
2023/03/20 19:04:47 [notice] 1#1: signal 3 (SIGQUIT) received, shutting down
2023/03/20 19:04:47 [notice] 26#26: gracefully shutting down
2023/03/20 19:04:47 [notice] 26#26: exiting
2023/03/20 19:04:47 [notice] 27#27: gracefully shutting down
2023/03/20 19:04:47 [notice] 27#27: exiting
2023/03/20 19:04:47 [notice] 23#23: gracefully shutting down
2023/03/20 19:04:47 [notice] 24#24: gracefully shutting down
2023/03/20 19:04:47 [notice] 29#29: gracefully shutting down
2023/03/20 19:04:47 [notice] 28#28: gracefully shutting down
2023/03/20 19:04:47 [notice] 25#25: gracefully shutting down
2023/03/20 19:04:47 [notice] 30#30: gracefully shutting down
2023/03/20 19:04:47 [notice] 30#30: exiting
2023/03/20 19:04:47 [notice] 26#26: exit
2023/03/20 19:04:47 [notice] 27#27: exit
2023/03/20 19:04:47 [notice] 23#23: exiting
2023/03/20 19:04:47 [notice] 23#23: exit
2023/03/20 19:04:47 [notice] 24#24: exiting
2023/03/20 19:04:47 [notice] 24#24: exit
2023/03/20 19:04:47 [notice] 29#29: exiting
2023/03/20 19:04:47 [notice] 28#28: exiting
2023/03/20 19:04:47 [notice] 25#25: exiting
2023/03/20 19:04:47 [notice] 30#30: exit
2023/03/20 19:04:47 [notice] 29#29: exit
2023/03/20 19:04:47 [notice] 28#28: exit
2023/03/20 19:04:47 [notice] 25#25: exit
2023/03/20 19:04:47 [notice] 1#1: signal 17 (SIGCHLD) received from 26
2023/03/20 19:04:47 [notice] 1#1: worker process 26 exited with code 0
2023/03/20 19:04:47 [notice] 1#1: signal 29 (SIGIO) received
2023/03/20 19:04:47 [notice] 1#1: signal 17 (SIGCHLD) received from 24
2023/03/20 19:04:47 [notice] 1#1: worker process 24 exited with code 0
2023/03/20 19:04:47 [notice] 1#1: worker process 23 exited with code 0
2023/03/20 19:04:47 [notice] 1#1: signal 29 (SIGIO) received
2023/03/20 19:04:47 [notice] 1#1: signal 17 (SIGCHLD) received from 23
2023/03/20 19:04:47 [notice] 1#1: worker process 27 exited with code 0
2023/03/20 19:04:47 [notice] 1#1: signal 29 (SIGIO) received
2023/03/20 19:04:47 [notice] 1#1: signal 17 (SIGCHLD) received from 27
2023/03/20 19:04:47 [notice] 1#1: signal 17 (SIGCHLD) received from 25
2023/03/20 19:04:47 [notice] 1#1: worker process 25 exited with code 0
2023/03/20 19:04:47 [notice] 1#1: worker process 29 exited with code 0
2023/03/20 19:04:47 [notice] 1#1: worker process 30 exited with code 0
2023/03/20 19:04:47 [notice] 1#1: signal 29 (SIGIO) received
2023/03/20 19:04:47 [notice] 1#1: signal 17 (SIGCHLD) received from 29
2023/03/20 19:04:47 [notice] 1#1: worker process 28 exited with code 0
2023/03/20 19:04:47 [notice] 1#1: exit
2023/03/20 19:04:55 [notice] 1#1: using the "epoll" event method
2023/03/20 19:04:55 [notice] 1#1: nginx/1.20.2
2023/03/20 19:04:55 [notice] 1#1: built by gcc 10.2.1 20210110 (Debian 10.2.1-6) 
2023/03/20 19:04:55 [notice] 1#1: OS: Linux 5.10.124-linuxkit
2023/03/20 19:04:55 [notice] 1#1: getrlimit(RLIMIT_NOFILE): 1048576:1048576
2023/03/20 19:04:55 [notice] 1#1: start worker processes
2023/03/20 19:04:55 [notice] 1#1: start worker process 24
2023/03/20 19:04:55 [notice] 1#1: start worker process 25
2023/03/20 19:04:55 [notice] 1#1: start worker process 26
2023/03/20 19:04:55 [notice] 1#1: start worker process 27
2023/03/20 19:04:55 [notice] 1#1: start worker process 28
2023/03/20 19:04:55 [notice] 1#1: start worker process 29
2023/03/20 19:04:55 [notice] 1#1: start worker process 30
2023/03/20 19:04:55 [notice] 1#1: start worker process 31
2023/03/20 19:07:30 [error] 24#24: *56 directory index of "/var/www/html/private/" is forbidden, client: 172.22.0.1, server: localhost, request: "GET / HTTP/1.1", host: "localhost"
2023/03/20 19:07:36 [error] 24#24: *56 directory index of "/var/www/html/private/" is forbidden, client: 172.22.0.1, server: localhost, request: "GET / HTTP/1.1", host: "localhost"
2023/03/20 19:07:39 [error] 24#24: *56 directory index of "/var/www/html/private/" is forbidden, client: 172.22.0.1, server: localhost, request: "GET / HTTP/1.1", host: "localhost"
2023/03/20 19:07:42 [error] 24#24: *56 directory index of "/var/www/html/private/" is forbidden, client: 172.22.0.1, server: localhost, request: "GET / HTTP/1.1", host: "localhost"
2023/03/20 19:07:51 [error] 24#24: *55 directory index of "/var/www/html/private/" is forbidden, client: 172.22.0.1, server: localhost, request: "GET / HTTP/1.1", host: "localhost"
2023/03/20 19:08:57 [notice] 1#1: signal 3 (SIGQUIT) received, shutting down
2023/03/20 19:08:57 [notice] 25#25: gracefully shutting down
2023/03/20 19:08:57 [notice] 28#28: gracefully shutting down
2023/03/20 19:08:57 [notice] 28#28: exiting
2023/03/20 19:08:57 [notice] 24#24: gracefully shutting down
2023/03/20 19:08:57 [notice] 26#26: gracefully shutting down
2023/03/20 19:08:57 [notice] 26#26: exiting
2023/03/20 19:08:57 [notice] 29#29: gracefully shutting down
2023/03/20 19:08:57 [notice] 29#29: exiting
2023/03/20 19:08:57 [notice] 31#31: gracefully shutting down
2023/03/20 19:08:57 [notice] 31#31: exiting
2023/03/20 19:08:57 [notice] 30#30: gracefully shutting down
2023/03/20 19:08:57 [notice] 27#27: gracefully shutting down
2023/03/20 19:08:57 [notice] 25#25: exiting
2023/03/20 19:08:57 [notice] 28#28: exit
2023/03/20 19:08:57 [notice] 24#24: exiting
2023/03/20 19:08:57 [notice] 26#26: exit
2023/03/20 19:08:57 [notice] 29#29: exit
2023/03/20 19:08:57 [notice] 31#31: exit
2023/03/20 19:08:57 [notice] 30#30: exiting
2023/03/20 19:08:57 [notice] 27#27: exiting
2023/03/20 19:08:57 [notice] 27#27: exit
2023/03/20 19:08:57 [notice] 25#25: exit
2023/03/20 19:08:57 [notice] 24#24: exit
2023/03/20 19:08:57 [notice] 30#30: exit
2023/03/20 19:08:57 [notice] 1#1: signal 17 (SIGCHLD) received from 28
2023/03/20 19:08:57 [notice] 1#1: worker process 28 exited with code 0
2023/03/20 19:08:57 [notice] 1#1: signal 29 (SIGIO) received
2023/03/20 19:08:57 [notice] 1#1: signal 17 (SIGCHLD) received from 26
2023/03/20 19:08:57 [notice] 1#1: worker process 26 exited with code 0
2023/03/20 19:08:57 [notice] 1#1: signal 29 (SIGIO) received
2023/03/20 19:08:57 [notice] 1#1: signal 17 (SIGCHLD) received from 31
2023/03/20 19:08:57 [notice] 1#1: worker process 27 exited with code 0
2023/03/20 19:08:57 [notice] 1#1: worker process 29 exited with code 0
2023/03/20 19:08:57 [notice] 1#1: worker process 31 exited with code 0
2023/03/20 19:08:57 [notice] 1#1: signal 29 (SIGIO) received
2023/03/20 19:08:57 [notice] 1#1: signal 17 (SIGCHLD) received from 29
2023/03/20 19:08:57 [notice] 1#1: signal 17 (SIGCHLD) received from 30
2023/03/20 19:08:57 [notice] 1#1: worker process 24 exited with code 0
2023/03/20 19:08:57 [notice] 1#1: worker process 25 exited with code 0
2023/03/20 19:08:57 [notice] 1#1: worker process 30 exited with code 0
2023/03/20 19:08:57 [notice] 1#1: exit
2023/03/20 19:09:07 [emerg] 1#1: unexpected ">" in /etc/nginx/conf.d/default.conf:19
2023/03/20 19:09:18 [emerg] 1#1: unexpected ">" in /etc/nginx/conf.d/default.conf:19
2023/03/20 19:10:04 [notice] 1#1: using the "epoll" event method
2023/03/20 19:10:04 [notice] 1#1: nginx/1.20.2
2023/03/20 19:10:04 [notice] 1#1: built by gcc 10.2.1 20210110 (Debian 10.2.1-6) 
2023/03/20 19:10:04 [notice] 1#1: OS: Linux 5.10.124-linuxkit
2023/03/20 19:10:04 [notice] 1#1: getrlimit(RLIMIT_NOFILE): 1048576:1048576
2023/03/20 19:10:04 [notice] 1#1: start worker processes
2023/03/20 19:10:04 [notice] 1#1: start worker process 23
2023/03/20 19:10:04 [notice] 1#1: start worker process 24
2023/03/20 19:10:04 [notice] 1#1: start worker process 25
2023/03/20 19:10:04 [notice] 1#1: start worker process 26
2023/03/20 19:10:04 [notice] 1#1: start worker process 27
2023/03/20 19:10:04 [notice] 1#1: start worker process 28
2023/03/20 19:10:04 [notice] 1#1: start worker process 29
2023/03/20 19:10:04 [notice] 1#1: start worker process 30
2023/03/20 19:10:06 [error] 24#24: *1 directory index of "/var/www/html/private/" is forbidden, client: 172.24.0.1, server: localhost, request: "GET / HTTP/1.1", host: "localhost"
2023/03/20 19:13:53 [notice] 1#1: signal 3 (SIGQUIT) received, shutting down
2023/03/20 19:13:53 [notice] 24#24: gracefully shutting down
2023/03/20 19:13:53 [notice] 24#24: exiting
2023/03/20 19:13:53 [notice] 26#26: gracefully shutting down
2023/03/20 19:13:53 [notice] 26#26: exiting
2023/03/20 19:13:53 [notice] 25#25: gracefully shutting down
2023/03/20 19:13:53 [notice] 28#28: gracefully shutting down
2023/03/20 19:13:53 [notice] 30#30: gracefully shutting down
2023/03/20 19:13:53 [notice] 27#27: gracefully shutting down
2023/03/20 19:13:53 [notice] 29#29: gracefully shutting down
2023/03/20 19:13:53 [notice] 23#23: gracefully shutting down
2023/03/20 19:13:53 [notice] 24#24: exit
2023/03/20 19:13:53 [notice] 26#26: exit
2023/03/20 19:13:53 [notice] 25#25: exiting
2023/03/20 19:13:53 [notice] 25#25: exit
2023/03/20 19:13:53 [notice] 28#28: exiting
2023/03/20 19:13:53 [notice] 28#28: exit
2023/03/20 19:13:53 [notice] 30#30: exiting
2023/03/20 19:13:53 [notice] 30#30: exit
2023/03/20 19:13:53 [notice] 27#27: exiting
2023/03/20 19:13:53 [notice] 27#27: exit
2023/03/20 19:13:53 [notice] 23#23: exiting
2023/03/20 19:13:53 [notice] 23#23: exit
2023/03/20 19:13:53 [notice] 29#29: exiting
2023/03/20 19:13:53 [notice] 29#29: exit
2023/03/20 19:13:53 [notice] 1#1: signal 17 (SIGCHLD) received from 24
2023/03/20 19:13:53 [notice] 1#1: worker process 24 exited with code 0
2023/03/20 19:13:53 [notice] 1#1: worker process 26 exited with code 0
2023/03/20 19:13:53 [notice] 1#1: signal 29 (SIGIO) received
2023/03/20 19:13:53 [notice] 1#1: signal 17 (SIGCHLD) received from 25
2023/03/20 19:13:53 [notice] 1#1: worker process 25 exited with code 0
2023/03/20 19:13:53 [notice] 1#1: signal 29 (SIGIO) received
2023/03/20 19:13:53 [notice] 1#1: signal 17 (SIGCHLD) received from 28
2023/03/20 19:13:53 [notice] 1#1: worker process 28 exited with code 0
2023/03/20 19:13:53 [notice] 1#1: worker process 30 exited with code 0
2023/03/20 19:13:53 [notice] 1#1: worker process 23 exited with code 0
2023/03/20 19:13:53 [notice] 1#1: worker process 27 exited with code 0
2023/03/20 19:13:53 [notice] 1#1: worker process 29 exited with code 0
2023/03/20 19:13:53 [notice] 1#1: signal 17 (SIGCHLD) received from 30
2023/03/20 19:13:53 [notice] 1#1: exit
2023/03/20 19:14:02 [notice] 1#1: using the "epoll" event method
2023/03/20 19:14:02 [notice] 1#1: nginx/1.20.2
2023/03/20 19:14:02 [notice] 1#1: built by gcc 10.2.1 20210110 (Debian 10.2.1-6) 
2023/03/20 19:14:02 [notice] 1#1: OS: Linux 5.10.124-linuxkit
2023/03/20 19:14:02 [notice] 1#1: getrlimit(RLIMIT_NOFILE): 1048576:1048576
2023/03/20 19:14:02 [notice] 1#1: start worker processes
2023/03/20 19:14:02 [notice] 1#1: start worker process 24
2023/03/20 19:14:02 [notice] 1#1: start worker process 25
2023/03/20 19:14:02 [notice] 1#1: start worker process 26
2023/03/20 19:14:02 [notice] 1#1: start worker process 27
2023/03/20 19:14:02 [notice] 1#1: start worker process 28
2023/03/20 19:14:02 [notice] 1#1: start worker process 29
2023/03/20 19:14:02 [notice] 1#1: start worker process 30
2023/03/20 19:14:02 [notice] 1#1: start worker process 31
2023/03/20 19:20:17 [notice] 1#1: signal 3 (SIGQUIT) received, shutting down
2023/03/20 19:20:17 [notice] 24#24: gracefully shutting down
2023/03/20 19:20:17 [notice] 27#27: gracefully shutting down
2023/03/20 19:20:17 [notice] 27#27: exiting
2023/03/20 19:20:17 [notice] 26#26: gracefully shutting down
2023/03/20 19:20:17 [notice] 28#28: gracefully shutting down
2023/03/20 19:20:17 [notice] 30#30: gracefully shutting down
2023/03/20 19:20:17 [notice] 30#30: exiting
2023/03/20 19:20:17 [notice] 29#29: gracefully shutting down
2023/03/20 19:20:17 [notice] 29#29: exiting
2023/03/20 19:20:17 [notice] 31#31: gracefully shutting down
2023/03/20 19:20:17 [notice] 25#25: gracefully shutting down
2023/03/20 19:20:17 [notice] 24#24: exiting
2023/03/20 19:20:17 [notice] 27#27: exit
2023/03/20 19:20:17 [notice] 26#26: exiting
2023/03/20 19:20:17 [notice] 26#26: exit
2023/03/20 19:20:17 [notice] 28#28: exiting
2023/03/20 19:20:17 [notice] 30#30: exit
2023/03/20 19:20:17 [notice] 29#29: exit
2023/03/20 19:20:17 [notice] 31#31: exiting
2023/03/20 19:20:17 [notice] 31#31: exit
2023/03/20 19:20:17 [notice] 25#25: exiting
2023/03/20 19:20:17 [notice] 25#25: exit
2023/03/20 19:20:17 [notice] 24#24: exit
2023/03/20 19:20:17 [notice] 28#28: exit
2023/03/20 19:20:17 [notice] 1#1: signal 17 (SIGCHLD) received from 27
2023/03/20 19:20:17 [notice] 1#1: worker process 27 exited with code 0
2023/03/20 19:20:17 [notice] 1#1: signal 29 (SIGIO) received
2023/03/20 19:20:17 [notice] 1#1: signal 17 (SIGCHLD) received from 26
2023/03/20 19:20:17 [notice] 1#1: worker process 26 exited with code 0
2023/03/20 19:20:17 [notice] 1#1: worker process 30 exited with code 0
2023/03/20 19:20:17 [notice] 1#1: signal 29 (SIGIO) received
2023/03/20 19:20:17 [notice] 1#1: signal 17 (SIGCHLD) received from 31
2023/03/20 19:20:17 [notice] 1#1: worker process 31 exited with code 0
2023/03/20 19:20:17 [notice] 1#1: signal 29 (SIGIO) received
2023/03/20 19:20:17 [notice] 1#1: signal 17 (SIGCHLD) received from 25
2023/03/20 19:20:17 [notice] 1#1: worker process 24 exited with code 0
2023/03/20 19:20:17 [notice] 1#1: worker process 25 exited with code 0
2023/03/20 19:20:17 [notice] 1#1: worker process 28 exited with code 0
2023/03/20 19:20:17 [notice] 1#1: worker process 29 exited with code 0
2023/03/20 19:20:17 [notice] 1#1: exit
2023/03/20 19:20:26 [notice] 1#1: using the "epoll" event method
2023/03/20 19:20:26 [notice] 1#1: nginx/1.20.2
2023/03/20 19:20:26 [notice] 1#1: built by gcc 10.2.1 20210110 (Debian 10.2.1-6) 
2023/03/20 19:20:26 [notice] 1#1: OS: Linux 5.10.124-linuxkit
2023/03/20 19:20:26 [notice] 1#1: getrlimit(RLIMIT_NOFILE): 1048576:1048576
2023/03/20 19:20:26 [notice] 1#1: start worker processes
2023/03/20 19:20:26 [notice] 1#1: start worker process 24
2023/03/20 19:20:26 [notice] 1#1: start worker process 25
2023/03/20 19:20:26 [notice] 1#1: start worker process 26
2023/03/20 19:20:26 [notice] 1#1: start worker process 27
2023/03/20 19:20:26 [notice] 1#1: start worker process 28
2023/03/20 19:20:26 [notice] 1#1: start worker process 29
2023/03/20 19:20:26 [notice] 1#1: start worker process 30
2023/03/20 19:20:26 [notice] 1#1: start worker process 31
